[2025-11-23 14:17:29.355] ----------------------------------------------
[2025-11-23 14:17:29.357] Log session started: 20251123_141729
[2025-11-23 14:17:29.357] Log file: logs\trading_20251123_141729.log
[2025-11-23 14:17:29.357] Trade file: logs\trades_20251123_141729.csv
[2025-11-23 14:17:29.357] -----------------------------------------------
[2025-11-23 14:17:29.358] ═══ NYC Alpha Trader Started ═══
[2025-11-23 14:17:29.358] Market Regime Detector initialized
[2025-11-23 14:17:29.365] System initialized successfully

[2025-11-23 14:17:29.371] Internal Risk Manager initialized (Stealth SL/TP mode)
[2025-11-23 14:17:49.014] TRADE EXECUTED | MeanReversion | Buy | 0.046000 BTC @ $86897.35 = $3997.28 | Order: 3516650
[2025-11-23 14:18:36.108] TRADE EXECUTED | MeanReversion | Buy | 0.046000 BTC @ $86897.28 = $3997.27 | Order: 3516694
[2025-11-23 14:18:41.385] [REGIME CHANGE] Ranging → HighVolatility
[2025-11-23 14:18:43.589] [REGIME CHANGE] HighVolatility → Ranging
[2025-11-23 14:19:18.237] [REGIME CHANGE] Ranging → HighVolatility
[2025-11-23 14:19:27.449] [REGIME CHANGE] HighVolatility → Ranging
[2025-11-23 14:19:37.701] TRADE EXECUTED | MeanReversion | Buy | 0.046000 BTC @ $86896.48 = $3997.24 | Order: 3516856
[2025-11-23 14:21:17.171] TRADE EXECUTED | MeanReversion | Sell | 0.046000 BTC @ $86611.77 = $3984.14 | Order: 3517073
[2025-11-23 14:21:17.543] TRADE EXECUTED | MeanReversion_Exit | Buy | 0.046000 BTC @ $86895.08 = $3997.17 | Order: 3517074
[2025-11-23 14:21:25.520] TRADE EXECUTED | MeanReversion_Exit | Sell | 0.046000 BTC @ $86611.89 = $3984.15 | Order: 3517076
[2025-11-23 14:21:25.679] TRADE EXECUTED | MeanReversion_Exit | Sell | 0.046000 BTC @ $86611.89 = $3984.15 | Order: 3517077
[2025-11-23 14:21:25.843] TRADE EXECUTED | MeanReversion_Exit | Sell | 0.046000 BTC @ $86611.89 = $3984.15 | Order: 3517078
[2025-11-23 14:21:25.843] [REGIME CHANGE] Ranging → HighVolatility
[2025-11-23 14:21:30.810] [REGIME CHANGE] HighVolatility → Ranging
[2025-11-23 14:22:15.551] [REGIME CHANGE] Ranging → HighVolatility
[2025-11-23 14:22:21.249] [REGIME CHANGE] HighVolatility → Ranging
[2025-11-23 14:23:06.179] TRADE EXECUTED | MeanReversion | Buy | 0.046000 BTC @ $86892.22 = $3997.04 | Order: 3517273
[2025-11-23 14:23:47.715] [REGIME CHANGE] Ranging → HighVolatility
[2025-11-23 14:23:59.181] [REGIME CHANGE] HighVolatility → Ranging
[2025-11-23 14:24:07.503] TRADE EXECUTED | MeanReversion | Buy | 0.046000 BTC @ $86890.58 = $3996.97 | Order: 3517427
[2025-11-23 14:25:08.150] TRADE EXECUTED | MeanReversion | Sell | 0.046000 BTC @ $86654.21 = $3986.09 | Order: 3517506
[2025-11-23 14:28:03.217] TRADE EXECUTED | MeanReversion | Buy | 0.046000 BTC @ $86889.82 = $3996.93 | Order: 3517866
[2025-11-23 14:28:07.298] TRADE EXECUTED | MeanReversion_Exit | Sell | 0.046000 BTC @ $86660.76 = $3986.39 | Order: 3517873
[2025-11-23 14:29:32.590] TRADE EXECUTED | MeanReversion_Exit | Sell | 0.046000 BTC @ $86663.64 = $3986.53 | Order: 3517990
[2025-11-23 14:30:05.373] TRADE EXECUTED | MeanReversion | Buy | 0.046000 BTC @ $86889.70 = $3996.93 | Order: 3518074
[2025-11-23 14:30:08.364] TRADE EXECUTED | MeanReversion_Exit | Buy | 0.046000 BTC @ $86969.44 = $4000.59 | Order: 3518078
[2025-11-23 14:30:21.259] [REGIME CHANGE] Ranging → HighVolatility
[2025-11-23 14:30:39.327] [REGIME CHANGE] HighVolatility → Ranging
[2025-11-23 14:31:24.160] TRADE EXECUTED | MeanReversion | Buy | 0.046000 BTC @ $86889.43 = $3996.91 | Order: 3518237
[2025-11-23 14:32:09.556] TRADE EXECUTED | MeanReversion | Sell | 0.046000 BTC @ $86668.46 = $3986.75 | Order: 3518334
[2025-11-23 14:33:03.511] TRADE EXECUTED | MeanReversion_Exit | Sell | 0.046000 BTC @ $86671.40 = $3986.88 | Order: 3518523
[2025-11-23 14:33:04.389] TRADE EXECUTED | MeanReversion | Sell | 0.045000 BTC @ $86671.43 = $3900.21 | Order: 3518525
[2025-11-23 14:34:21.000] [REGIME CHANGE] Ranging → HighVolatility
[2025-11-23 14:34:36.998] [REGIME CHANGE] HighVolatility → Ranging
[2025-11-23 14:35:06.272] TRADE EXECUTED | MeanReversion_Exit | Sell | 0.046000 BTC @ $86677.82 = $3987.18 | Order: 3518748
[2025-11-23 14:35:14.386] TRADE EXECUTED | OBI | Buy | 0.034000 BTC @ $86899.04 = $2954.57 | Order: 3518798
[2025-11-23 14:35:17.766] TRADE EXECUTED | MeanReversion | Sell | 0.045000 BTC @ $86689.74 = $3901.04 | Order: 3518801
[2025-11-23 14:35:45.206] TRADE EXECUTED | OBI | Buy | 0.034000 BTC @ $86897.50 = $2954.52 | Order: 3518863
[2025-11-23 14:36:15.227] TRADE EXECUTED | OBI | Buy | 0.034000 BTC @ $86897.44 = $2954.51 | Order: 3518919
[2025-11-23 14:36:25.439] TRADE EXECUTED | MeanReversion_Exit | Sell | 0.046000 BTC @ $86693.39 = $3987.90 | Order: 3518964
[2025-11-23 14:36:40.997] TRADE EXECUTED | MeanReversion | Sell | 0.046000 BTC @ $86694.09 = $3987.93 | Order: 3519011
[2025-11-23 14:36:48.458] TRADE EXECUTED | OBI | Buy | 0.034000 BTC @ $86897.51 = $2954.52 | Order: 3519024
[2025-11-23 14:37:10.419] TRADE EXECUTED | MeanReversion_Exit | Buy | 0.046000 BTC @ $87090.17 = $4006.15 | Order: 3519058
[2025-11-23 14:37:26.386] TRADE EXECUTED | OBI | Buy | 0.034000 BTC @ $86977.20 = $2957.22 | Order: 3519082
[2025-11-23 14:37:26.650] TRADE EXECUTED | MeanReversion | Sell | 0.046000 BTC @ $86897.50 = $3997.28 | Order: 3519083
[2025-11-23 14:37:58.620] TRADE EXECUTED | OBI | Buy | 0.034000 BTC @ $86897.37 = $2954.51 | Order: 3519219
[2025-11-23 14:38:04.615] TRADE EXECUTED | MeanReversion_Exit | Buy | 0.045000 BTC @ $86897.27 = $3910.38 | Order: 3519272
[2025-11-23 14:38:13.018] TRADE EXECUTED | MeanReversion | Buy | 0.046000 BTC @ $86897.20 = $3997.27 | Order: 3519281
[2025-11-23 14:40:19.354] TRADE EXECUTED | OBI_Exit | Sell | 0.034000 BTC @ $86644.48 = $2945.91 | Order: 3519512
[2025-11-23 14:40:19.511] TRADE EXECUTED | MeanReversion_Exit | Buy | 0.045000 BTC @ $86896.88 = $3910.36 | Order: 3519513
[2025-11-23 14:40:22.022] TRADE EXECUTED | MeanReversion | Buy | 0.046000 BTC @ $86896.87 = $3997.26 | Order: 3519514
[2025-11-23 14:40:43.639] TRADE EXECUTED | OBI_Exit | Sell | 0.034000 BTC @ $86644.89 = $2945.93 | Order: 3519566
[2025-11-23 14:40:43.639] [REGIME CHANGE] Ranging → HighVolatility
[2025-11-23 14:40:45.691] TRADE EXECUTED | OBI_Exit | Sell | 0.034000 BTC @ $86644.97 = $2945.93 | Order: 3519568
[2025-11-23 14:41:01.387] [REGIME CHANGE] HighVolatility → Ranging
[2025-11-23 14:41:15.959] TRADE EXECUTED | OBI_Exit | Sell | 0.034000 BTC @ $86646.26 = $2945.97 | Order: 3519613
[2025-11-23 14:41:45.785] TRADE EXECUTED | MeanReversion_Exit | Buy | 0.046000 BTC @ $86897.51 = $3997.29 | Order: 3519700
[2025-11-23 14:41:48.682] TRADE EXECUTED | OBI_Exit | Sell | 0.034000 BTC @ $86647.98 = $2946.03 | Order: 3519702
[2025-11-23 14:42:34.419] TRADE EXECUTED | MeanReversion_Exit | Buy | 0.046000 BTC @ $87026.87 = $4003.24 | Order: 3519762
[2025-11-23 14:43:05.736] TRADE EXECUTED | OBI_Exit | Sell | 0.034000 BTC @ $86651.78 = $2946.16 | Order: 3519870
[2025-11-23 14:43:13.251] TRADE EXECUTED | MeanReversion_Exit | Sell | 0.046000 BTC @ $86651.96 = $3985.99 | Order: 3519874
[2025-11-23 14:45:24.485] TRADE EXECUTED | MeanReversion_Exit | Sell | 0.046000 BTC @ $86655.39 = $3986.15 | Order: 3520145
[2025-11-23 14:45:45.102] [REGIME CHANGE] Ranging → HighVolatility
[2025-11-23 14:46:00.117] [REGIME CHANGE] HighVolatility → Ranging
[2025-11-23 14:47:42.081] TRADE EXECUTED | MeanReversion | Buy | 0.046000 BTC @ $86899.09 = $3997.36 | Order: 3520432
[2025-11-23 14:48:30.496] TRADE EXECUTED | MeanReversion | Buy | 0.046000 BTC @ $86897.44 = $3997.28 | Order: 3520545
[2025-11-23 14:49:17.263] [REGIME CHANGE] Ranging → HighVolatility
[2025-11-23 14:49:31.274] [REGIME CHANGE] HighVolatility → Ranging
[2025-11-23 14:50:01.167] TRADE EXECUTED | MeanReversion | Sell | 0.046000 BTC @ $86735.27 = $3989.82 | Order: 3520791
[2025-11-23 14:50:01.495] [REGIME CHANGE] Ranging → HighVolatility
[2025-11-23 14:50:13.304] [REGIME CHANGE] HighVolatility → Ranging
[2025-11-23 14:50:25.573] TRADE EXECUTED | OBI | Buy | 0.034000 BTC @ $86804.80 = $2951.36 | Order: 3520879
[2025-11-23 14:50:46.703] TRADE EXECUTED | MeanReversion | Buy | 0.046000 BTC @ $86790.85 = $3992.38 | Order: 3520917
[2025-11-23 14:50:53.691] TRADE EXECUTED | MeanReversion_Exit | Sell | 0.046000 BTC @ $86371.99 = $3973.11 | Order: 3520940
[2025-11-23 14:50:53.852] TRADE EXECUTED | MeanReversion_Exit | Sell | 0.046000 BTC @ $86371.99 = $3973.11 | Order: 3520941
[2025-11-23 14:51:00.292] TRADE EXECUTED | OBI | Buy | 0.034000 BTC @ $86743.13 = $2949.27 | Order: 3520948
[2025-11-23 14:51:37.394] TRADE EXECUTED | OBI | Buy | 0.034000 BTC @ $86739.29 = $2949.14 | Order: 3521069
[2025-11-23 14:52:25.966] TRADE EXECUTED | OBI | Buy | 0.034000 BTC @ $86726.73 = $2948.71 | Order: 3521397
[2025-11-23 14:52:59.893] TRADE EXECUTED | MeanReversion | Sell | 0.045000 BTC @ $86537.25 = $3894.18 | Order: 3521530
[2025-11-23 14:53:27.210] TRADE EXECUTED | OBI | Buy | 0.034000 BTC @ $86726.58 = $2948.70 | Order: 3521562
[2025-11-23 14:54:03.336] TRADE EXECUTED | OBI_Exit | Sell | 0.034000 BTC @ $86373.95 = $2936.71 | Order: 3521620
[2025-11-23 14:54:03.336] [REGIME CHANGE] Ranging → HighVolatility
[2025-11-23 14:54:04.350] TRADE EXECUTED | MeanReversion_Exit | Sell | 0.046000 BTC @ $86373.99 = $3973.20 | Order: 3521622
[2025-11-23 14:54:05.341] TRADE EXECUTED | OBI_Exit | Sell | 0.034000 BTC @ $86374.03 = $2936.72 | Order: 3521663
[2025-11-23 14:54:05.501] TRADE EXECUTED | OBI_Exit | Sell | 0.034000 BTC @ $86374.03 = $2936.72 | Order: 3521667
[2025-11-23 14:54:05.657] TRADE EXECUTED | OBI_Exit | Sell | 0.034000 BTC @ $86374.03 = $2936.72 | Order: 3521668
[2025-11-23 14:54:05.834] TRADE EXECUTED | OBI_Exit | Sell | 0.034000 BTC @ $86374.03 = $2936.72 | Order: 3521669
[2025-11-23 14:54:13.666] [REGIME CHANGE] HighVolatility → Ranging
[2025-11-23 14:55:01.789] TRADE EXECUTED | MeanReversion_Exit | Buy | 0.046000 BTC @ $86643.01 = $3985.58 | Order: 3521760
[2025-11-23 14:55:08.085] TRADE EXECUTED | MeanReversion | Sell | 0.046000 BTC @ $86376.82 = $3973.33 | Order: 3521770
[2025-11-23 14:56:40.104] TRADE EXECUTED | MeanReversion | Sell | 0.046000 BTC @ $86382.55 = $3973.60 | Order: 3521906
[2025-11-23 14:58:01.485] TRADE EXECUTED | MeanReversion_Exit | Buy | 0.045000 BTC @ $86662.89 = $3899.83 | Order: 3522071
[2025-11-23 14:58:32.841] TRADE EXECUTED | MeanReversion | Buy | 0.046000 BTC @ $86662.80 = $3986.49 | Order: 3522123
[2025-11-23 14:58:34.741] TRADE EXECUTED | MeanReversion_Exit | Sell | 0.046000 BTC @ $86292.92 = $3969.47 | Order: 3522124
[2025-11-23 14:59:13.225] [REGIME CHANGE] Ranging → HighVolatility
[2025-11-23 14:59:22.718] [REGIME CHANGE] HighVolatility → Ranging
[2025-11-23 15:00:40.289] TRADE EXECUTED | MeanReversion_Exit | Buy | 0.046000 BTC @ $86634.84 = $3985.20 | Order: 3522474
[2025-11-23 15:00:40.935] TRADE EXECUTED | MeanReversion | Buy | 0.046000 BTC @ $86634.83 = $3985.20 | Order: 3522475
[2025-11-23 15:00:51.634] [REGIME CHANGE] Ranging → HighVolatility
[2025-11-23 15:01:04.895] [REGIME CHANGE] HighVolatility → Ranging
[2025-11-23 15:01:29.275] TRADE EXECUTED | MeanReversion | Buy | 0.046000 BTC @ $86634.52 = $3985.19 | Order: 3522586
[2025-11-23 15:01:40.624] TRADE EXECUTED | MeanReversion_Exit | Buy | 0.046000 BTC @ $86764.74 = $3991.18 | Order: 3522591
[2025-11-23 15:03:45.158] TRADE EXECUTED | MeanReversion | Buy | 0.046000 BTC @ $86634.63 = $3985.19 | Order: 3522874
[2025-11-23 15:04:26.844] [REGIME CHANGE] Ranging → HighVolatility
[2025-11-23 15:04:30.050] [REGIME CHANGE] HighVolatility → Ranging
[2025-11-23 15:04:49.317] TRADE EXECUTED | MeanReversion | Sell | 0.046000 BTC @ $86403.27 = $3974.55 | Order: 3523023
[2025-11-23 15:05:42.466] TRADE EXECUTED | MeanReversion_Exit | Sell | 0.046000 BTC @ $86404.70 = $3974.62 | Order: 3523097
[2025-11-23 15:05:48.267] [REGIME CHANGE] Ranging → HighVolatility
[2025-11-23 15:05:52.756] [REGIME CHANGE] HighVolatility → Ranging
[2025-11-23 15:06:30.487] TRADE EXECUTED | MeanReversion_Exit | Sell | 0.046000 BTC @ $86405.93 = $3974.67 | Order: 3523201
[2025-11-23 15:06:31.123] TRADE EXECUTED | MeanReversion | Buy | 0.046000 BTC @ $86628.85 = $3984.93 | Order: 3523202
[2025-11-23 15:07:17.762] TRADE EXECUTED | MeanReversion | Sell | 0.046000 BTC @ $86408.97 = $3974.81 | Order: 3523336
[2025-11-23 15:08:01.232] TRADE EXECUTED | MeanReversion_Exit | Buy | 0.046000 BTC @ $86758.16 = $3990.88 | Order: 3523403
[2025-11-23 15:08:01.388] TRADE EXECUTED | MeanReversion_Exit | Buy | 0.046000 BTC @ $86758.16 = $3990.88 | Order: 3523404
[2025-11-23 15:08:01.388] [REGIME CHANGE] Ranging → HighVolatility
[2025-11-23 15:08:05.210] [REGIME CHANGE] HighVolatility → Ranging
[2025-11-23 15:08:48.359] TRADE EXECUTED | MeanReversion_Exit | Sell | 0.046000 BTC @ $86413.88 = $3975.04 | Order: 3523541
[2025-11-23 15:09:07.258] [REGIME CHANGE] Ranging → HighVolatility
[2025-11-23 15:09:10.559] [REGIME CHANGE] HighVolatility → Ranging
[2025-11-23 15:09:35.440] TRADE EXECUTED | MeanReversion | Sell | 0.046000 BTC @ $86416.77 = $3975.17 | Order: 3523642
[2025-11-23 15:09:35.845] TRADE EXECUTED | MeanReversion_Exit | Buy | 0.046000 BTC @ $86888.75 = $3996.88 | Order: 3523643
[2025-11-23 15:11:32.368] TRADE EXECUTED | MeanReversion_Exit | Sell | 0.046000 BTC @ $86423.78 = $3975.49 | Order: 3523907
[2025-11-23 15:11:57.792] [REGIME CHANGE] Ranging → HighVolatility
[2025-11-23 15:12:02.295] [REGIME CHANGE] HighVolatility → Ranging
[2025-11-23 15:12:43.285] TRADE EXECUTED | MeanReversion | Sell | 0.045000 BTC @ $86429.36 = $3889.32 | Order: 3524085
[2025-11-23 15:12:43.774] TRADE EXECUTED | MeanReversion_Exit | Buy | 0.045000 BTC @ $88345.34 = $3975.54 | Order: 3524086
[2025-11-23 15:14:20.499] [REGIME CHANGE] Ranging → HighVolatility
[2025-11-23 15:14:31.507] [REGIME CHANGE] HighVolatility → Ranging
[2025-11-23 15:15:05.934] [REGIME CHANGE] Ranging → HighVolatility
[2025-11-23 15:15:15.871] [REGIME CHANGE] HighVolatility → Ranging
[2025-11-23 15:16:00.596] TRADE EXECUTED | MeanReversion | Buy | 0.046000 BTC @ $86835.47 = $3994.43 | Order: 3524456
[2025-11-23 15:16:35.458] TRADE EXECUTED | OBI | Buy | 0.034000 BTC @ $86835.11 = $2952.39 | Order: 3524553
[2025-11-23 15:16:59.274] TRADE EXECUTED | MeanReversion | Sell | 0.046000 BTC @ $86628.31 = $3984.90 | Order: 3524615
[2025-11-23 15:17:01.420] [REGIME CHANGE] Ranging → HighVolatility
[2025-11-23 15:18:29.085] [REGIME CHANGE] HighVolatility → Ranging
[2025-11-23 15:18:31.277] TRADE EXECUTED | OBI | Buy | 0.034000 BTC @ $86800.17 = $2951.21 | Order: 3524847
[2025-11-23 15:18:40.662] TRADE EXECUTED | MeanReversion | Buy | 0.046000 BTC @ $86798.50 = $3992.73 | Order: 3524891
[2025-11-23 15:19:11.777] TRADE EXECUTED | OBI | Buy | 0.034000 BTC @ $86798.49 = $2951.15 | Order: 3524967
[2025-11-23 15:19:42.101] TRADE EXECUTED | OBI | Buy | 0.034000 BTC @ $86798.45 = $2951.15 | Order: 3524997
[2025-11-23 15:20:12.317] TRADE EXECUTED | OBI | Buy | 0.034000 BTC @ $86798.53 = $2951.15 | Order: 3525049
[2025-11-23 15:20:22.639] TRADE EXECUTED | MeanReversion | Sell | 0.046000 BTC @ $86633.70 = $3985.15 | Order: 3525071
[2025-11-23 15:20:44.551] TRADE EXECUTED | OBI | Buy | 0.034000 BTC @ $86798.55 = $2951.15 | Order: 3525103
[2025-11-23 15:21:01.356] TRADE EXECUTED | MeanReversion_Exit | Sell | 0.046000 BTC @ $86635.32 = $3985.22 | Order: 3525138
[2025-11-23 15:21:24.271] TRADE EXECUTED | OBI | Buy | 0.034000 BTC @ $86798.55 = $2951.15 | Order: 3525179
[2025-11-23 15:21:51.893] TRADE EXECUTED | OBI_Exit | Sell | 0.034000 BTC @ $86638.11 = $2945.70 | Order: 3525257
[2025-11-23 15:21:54.700] TRADE EXECUTED | OBI | Buy | 0.034000 BTC @ $86798.54 = $2951.15 | Order: 3525258
[2025-11-23 15:22:01.607] TRADE EXECUTED | MeanReversion_Exit | Buy | 0.046000 BTC @ $86913.30 = $3998.01 | Order: 3525282
[2025-11-23 15:22:24.817] TRADE EXECUTED | OBI | Buy | 0.034000 BTC @ $86800.48 = $2951.22 | Order: 3525319
[2025-11-23 15:23:03.856] TRADE EXECUTED | OBI | Buy | 0.034000 BTC @ $86798.52 = $2951.15 | Order: 3525422
[2025-11-23 15:23:29.071] TRADE EXECUTED | MeanReversion | Buy | 0.046000 BTC @ $86798.48 = $3992.73 | Order: 3525477
[2025-11-23 15:23:32.469] TRADE EXECUTED | OBI_Exit | Sell | 0.034000 BTC @ $86642.24 = $2945.84 | Order: 3525521
[2025-11-23 15:23:37.086] TRADE EXECUTED | OBI | Buy | 0.034000 BTC @ $86798.44 = $2951.15 | Order: 3525522
[2025-11-23 15:23:40.874] TRADE EXECUTED | MeanReversion_Exit | Sell | 0.046000 BTC @ $86642.30 = $3985.55 | Order: 3525524
[2025-11-23 15:23:48.604] [REGIME CHANGE] Ranging → HighVolatility
[2025-11-23 15:23:52.523] [REGIME CHANGE] HighVolatility → Ranging
[2025-11-23 15:24:14.302] TRADE EXECUTED | OBI_Exit | Sell | 0.034000 BTC @ $86460.36 = $2939.65 | Order: 3525605
[2025-11-23 15:24:42.421] TRADE EXECUTED | OBI_Exit | Sell | 0.034000 BTC @ $86461.67 = $2939.70 | Order: 3525656
[2025-11-23 15:25:12.719] TRADE EXECUTED | OBI_Exit | Sell | 0.034000 BTC @ $86463.56 = $2939.76 | Order: 3525689
[2025-11-23 15:25:17.988] [REGIME CHANGE] Ranging → HighVolatility
[2025-11-23 15:25:25.082] TRADE EXECUTED | MeanReversion_Exit | Buy | 0.046000 BTC @ $86877.56 = $3996.37 | Order: 3525705
[2025-11-23 15:25:25.082] [REGIME CHANGE] HighVolatility → Ranging
[2025-11-23 15:25:40.573] TRADE EXECUTED | MeanReversion | Buy | 0.046000 BTC @ $86797.94 = $3992.71 | Order: 3525733
[2025-11-23 15:25:44.767] TRADE EXECUTED | OBI_Exit | Sell | 0.034000 BTC @ $86465.84 = $2939.84 | Order: 3525735
[2025-11-23 15:26:24.903] TRADE EXECUTED | OBI_Exit | Sell | 0.034000 BTC @ $86468.20 = $2939.92 | Order: 3525852
[2025-11-23 15:26:35.310] TRADE EXECUTED | MeanReversion | Sell | 0.046000 BTC @ $86468.78 = $3977.56 | Order: 3525860
[2025-11-23 15:26:35.677] TRADE EXECUTED | MeanReversion_Exit | Buy | 0.046000 BTC @ $86877.69 = $3996.37 | Order: 3525861
[2025-11-23 15:26:54.921] TRADE EXECUTED | OBI_Exit | Sell | 0.034000 BTC @ $86469.86 = $2939.98 | Order: 3525929
[2025-11-23 15:27:32.848] TRADE EXECUTED | OBI_Exit | Sell | 0.034000 BTC @ $86472.24 = $2940.06 | Order: 3525985
[2025-11-23 15:28:06.682] TRADE EXECUTED | OBI_Exit | Sell | 0.034000 BTC @ $86474.10 = $2940.12 | Order: 3526038
[2025-11-23 15:28:10.278] TRADE EXECUTED | MeanReversion | Sell | 0.045000 BTC @ $86474.35 = $3891.35 | Order: 3526045
[2025-11-23 15:28:18.695] TRADE EXECUTED | MeanReversion_Exit | Buy | 0.045000 BTC @ $86877.49 = $3909.49 | Order: 3526047
[2025-11-23 15:28:32.297] TRADE EXECUTED | MeanReversion_Exit | Sell | 0.046000 BTC @ $86475.66 = $3977.88 | Order: 3526076
[2025-11-23 15:28:37.370] TRADE EXECUTED | OBI_Exit | Sell | 0.034000 BTC @ $86476.02 = $2940.18 | Order: 3526098
[2025-11-23 15:29:24.376] [REGIME CHANGE] Ranging → HighVolatility
[2025-11-23 15:29:43.090] [REGIME CHANGE] HighVolatility → Ranging
[2025-11-23 15:30:42.509] TRADE EXECUTED | MeanReversion_Exit | Sell | 0.046000 BTC @ $86484.04 = $3978.27 | Order: 3526343
[2025-11-23 15:32:09.905] TRADE EXECUTED | MeanReversion | Sell | 0.046000 BTC @ $86489.04 = $3978.50 | Order: 3526603
[2025-11-23 15:32:10.275] TRADE EXECUTED | MeanReversion_Exit | Buy | 0.046000 BTC @ $86959.28 = $4000.13 | Order: 3526604
[2025-11-23 15:32:21.536] [REGIME CHANGE] Ranging → HighVolatility
[2025-11-23 15:32:28.915] [REGIME CHANGE] HighVolatility → Ranging
[2025-11-23 15:33:08.815] TRADE EXECUTED | MeanReversion | Sell | 0.046000 BTC @ $86492.53 = $3978.66 | Order: 3526732
[2025-11-23 15:33:40.039] TRADE EXECUTED | MeanReversion_Exit | Buy | 0.046000 BTC @ $86976.19 = $4000.90 | Order: 3526813
[2025-11-23 15:33:42.872] [REGIME CHANGE] Ranging → HighVolatility
[2025-11-23 15:33:45.733] [REGIME CHANGE] HighVolatility → Ranging
[2025-11-23 15:34:32.777] TRADE EXECUTED | MeanReversion | Sell | 0.046000 BTC @ $86780.34 = $3991.90 | Order: 3526892
[2025-11-23 15:34:33.167] TRADE EXECUTED | OBI | Buy | 0.034000 BTC @ $86897.38 = $2954.51 | Order: 3526893
[2025-11-23 15:35:06.202] TRADE EXECUTED | OBI | Buy | 0.034000 BTC @ $86897.50 = $2954.52 | Order: 3526944
[2025-11-23 15:35:40.686] TRADE EXECUTED | OBI | Buy | 0.034000 BTC @ $86897.45 = $2954.51 | Order: 3527010
[2025-11-23 15:36:19.091] TRADE EXECUTED | OBI | Buy | 0.034000 BTC @ $86897.35 = $2954.51 | Order: 3527060
[2025-11-23 15:36:49.871] TRADE EXECUTED | OBI | Buy | 0.034000 BTC @ $86949.36 = $2956.28 | Order: 3527127
[2025-11-23 15:37:19.233] [REGIME CHANGE] Ranging → HighVolatility
[2025-11-23 15:37:33.844] [REGIME CHANGE] HighVolatility → Ranging
[2025-11-23 15:37:34.006] TRADE EXECUTED | OBI | Buy | 0.034000 BTC @ $86997.21 = $2957.91 | Order: 3527251
[2025-11-23 15:37:41.525] TRADE EXECUTED | MeanReversion | Sell | 0.045000 BTC @ $86852.91 = $3908.38 | Order: 3527256
[2025-11-23 15:38:04.430] TRADE EXECUTED | OBI | Buy | 0.034000 BTC @ $87109.79 = $2961.73 | Order: 3527335
[2025-11-23 15:39:06.048] TRADE EXECUTED | OBI | Buy | 0.034000 BTC @ $86997.21 = $2957.91 | Order: 3527466
[2025-11-23 15:39:26.997] TRADE EXECUTED | MeanReversion | Buy | 0.046000 BTC @ $87159.93 = $4009.36 | Order: 3527526
[2025-11-23 15:39:27.488] TRADE EXECUTED | MeanReversion_Exit | Sell | 0.046000 BTC @ $85076.53 = $3913.52 | Order: 3527527
[2025-11-23 15:39:37.641] TRADE EXECUTED | MeanReversion_Exit | Buy | 0.046000 BTC @ $87159.89 = $4009.35 | Order: 3527551
[2025-11-23 15:39:37.903] TRADE EXECUTED | OBI_Exit | Sell | 0.034000 BTC @ $86969.76 = $2956.97 | Order: 3527553
[2025-11-23 15:40:00.824] TRADE EXECUTED | OBI | Buy | 0.034000 BTC @ $87018.00 = $2958.61 | Order: 3527581
[2025-11-23 15:40:07.218] TRADE EXECUTED | OBI_Exit | Sell | 0.034000 BTC @ $86969.98 = $2956.98 | Order: 3527610
[2025-11-23 15:40:16.940] TRADE EXECUTED | MeanReversion | Sell | 0.045000 BTC @ $86970.05 = $3913.65 | Order: 3527621
[2025-11-23 15:40:31.126] TRADE EXECUTED | OBI | Buy | 0.034000 BTC @ $87011.05 = $2958.38 | Order: 3527648
[2025-11-23 15:40:40.950] TRADE EXECUTED | OBI_Exit | Sell | 0.034000 BTC @ $86852.23 = $2952.98 | Order: 3527698
[2025-11-23 15:41:01.769] TRADE EXECUTED | OBI | Buy | 0.034000 BTC @ $87099.85 = $2961.39 | Order: 3527748
[2025-11-23 15:41:20.976] TRADE EXECUTED | OBI_Exit | Sell | 0.034000 BTC @ $86979.37 = $2957.30 | Order: 3527778
[2025-11-23 15:41:32.940] TRADE EXECUTED | OBI | Buy | 0.034000 BTC @ $87014.03 = $2958.48 | Order: 3527802
[2025-11-23 15:41:50.636] TRADE EXECUTED | OBI_Exit | Sell | 0.034000 BTC @ $86979.42 = $2957.30 | Order: 3527852
[2025-11-23 15:42:02.719] TRADE EXECUTED | OBI | Buy | 0.034000 BTC @ $87159.94 = $2963.44 | Order: 3527874
[2025-11-23 15:42:34.526] TRADE EXECUTED | OBI_Exit | Sell | 0.034000 BTC @ $86965.64 = $2956.83 | Order: 3527931
[2025-11-23 15:42:42.546] TRADE EXECUTED | MeanReversion_Exit | Buy | 0.045000 BTC @ $87018.20 = $3915.82 | Order: 3527970
[2025-11-23 15:42:42.867] TRADE EXECUTED | OBI | Buy | 0.034000 BTC @ $87018.20 = $2958.62 | Order: 3527971
[2025-11-23 15:43:04.651] TRADE EXECUTED | OBI_Exit | Sell | 0.034000 BTC @ $86853.05 = $2953.00 | Order: 3528024
[2025-11-23 15:43:24.373] TRADE EXECUTED | OBI | Buy | 0.034000 BTC @ $86997.21 = $2957.91 | Order: 3528054
[2025-11-23 15:43:49.225] [REGIME CHANGE] Ranging → HighVolatility
[2025-11-23 15:44:03.044] [REGIME CHANGE] HighVolatility → Ranging
[2025-11-23 15:44:03.211] TRADE EXECUTED | OBI | Buy | 0.034000 BTC @ $87054.04 = $2959.84 | Order: 3528129
[2025-11-23 15:44:06.214] TRADE EXECUTED | OBI_Exit | Sell | 0.034000 BTC @ $86984.59 = $2957.48 | Order: 3528153
[2025-11-23 15:44:44.027] TRADE EXECUTED | OBI | Buy | 0.034000 BTC @ $87056.10 = $2959.91 | Order: 3528249
[2025-11-23 15:45:01.156] TRADE EXECUTED | OBI_Exit | Sell | 0.034000 BTC @ $86984.60 = $2957.48 | Order: 3528271
[2025-11-23 15:45:15.248] TRADE EXECUTED | OBI | Buy | 0.034000 BTC @ $87159.87 = $2963.44 | Order: 3528297
[2025-11-23 15:45:19.453] TRADE EXECUTED | MeanReversion_Exit | Buy | 0.045000 BTC @ $87150.19 = $3921.76 | Order: 3528298
[2025-11-23 15:45:31.363] TRADE EXECUTED | OBI_Exit | Sell | 0.034000 BTC @ $86853.99 = $2953.04 | Order: 3528344
[2025-11-23 15:45:53.524] TRADE EXECUTED | OBI | Buy | 0.034000 BTC @ $87056.10 = $2959.91 | Order: 3528394
[2025-11-23 15:46:04.686] TRADE EXECUTED | OBI_Exit | Sell | 0.034000 BTC @ $86854.85 = $2953.06 | Order: 3528411
[2025-11-23 15:46:35.210] TRADE EXECUTED | OBI_Exit | Sell | 0.034000 BTC @ $86855.65 = $2953.09 | Order: 3528442
[2025-11-23 15:46:35.610] TRADE EXECUTED | OBI | Buy | 0.034000 BTC @ $87066.16 = $2960.25 | Order: 3528443
[2025-11-23 15:47:06.338] TRADE EXECUTED | OBI_Exit | Sell | 0.034000 BTC @ $86997.34 = $2957.91 | Order: 3528547
[2025-11-23 15:47:06.497] TRADE EXECUTED | OBI | Buy | 0.034000 BTC @ $87056.11 = $2959.91 | Order: 3528548
[2025-11-23 15:47:10.142] TRADE EXECUTED | MeanReversion | Sell | 0.045000 BTC @ $86997.37 = $3914.88 | Order: 3528551
[2025-11-23 15:47:36.656] TRADE EXECUTED | OBI | Buy | 0.034000 BTC @ $87129.60 = $2962.41 | Order: 3528630
[2025-11-23 15:47:45.865] TRADE EXECUTED | OBI_Exit | Sell | 0.034000 BTC @ $86997.24 = $2957.91 | Order: 3528671
[2025-11-23 15:47:55.670] TRADE EXECUTED | MeanReversion | Sell | 0.045000 BTC @ $86997.24 = $3914.88 | Order: 3528716
[2025-11-23 15:48:12.125] TRADE EXECUTED | OBI | Buy | 0.034000 BTC @ $87056.12 = $2959.91 | Order: 3528767
[2025-11-23 15:48:27.405] TRADE EXECUTED | OBI_Exit | Sell | 0.034000 BTC @ $87002.35 = $2958.08 | Order: 3528795
[2025-11-23 15:48:48.012] TRADE EXECUTED | OBI | Buy | 0.034000 BTC @ $87056.11 = $2959.91 | Order: 3528825
[2025-11-23 15:48:53.025] TRADE EXECUTED | MeanReversion | Buy | 0.046000 BTC @ $87056.12 = $4004.58 | Order: 3528827
[2025-11-23 15:49:08.808] TRADE EXECUTED | OBI_Exit | Sell | 0.034000 BTC @ $86990.77 = $2957.69 | Order: 3528864
[2025-11-23 15:49:33.085] [REGIME CHANGE] Ranging → HighVolatility
[2025-11-23 15:49:44.666] TRADE EXECUTED | OBI_Exit | Sell | 0.034000 BTC @ $86856.95 = $2953.14 | Order: 3528946
[2025-11-23 15:50:14.322] [REGIME CHANGE] HighVolatility → Ranging
[2025-11-23 15:50:14.492] TRADE EXECUTED | OBI | Buy | 0.034000 BTC @ $87056.12 = $2959.91 | Order: 3529032
[2025-11-23 15:50:16.079] TRADE EXECUTED | OBI_Exit | Sell | 0.034000 BTC @ $86857.78 = $2953.16 | Order: 3529034
[2025-11-23 15:50:46.504] TRADE EXECUTED | OBI | Buy | 0.034000 BTC @ $87055.86 = $2959.90 | Order: 3529114
[2025-11-23 15:50:54.814] TRADE EXECUTED | OBI_Exit | Sell | 0.034000 BTC @ $86859.07 = $2953.21 | Order: 3529150
[2025-11-23 15:50:59.950] [REGIME CHANGE] Ranging → HighVolatility
[2025-11-23 15:51:13.060] [REGIME CHANGE] HighVolatility → Ranging
[2025-11-23 15:51:19.128] TRADE EXECUTED | OBI | Buy | 0.034000 BTC @ $87055.80 = $2959.90 | Order: 3529225
[2025-11-23 15:51:27.028] TRADE EXECUTED | MeanReversion | Sell | 0.045000 BTC @ $86860.41 = $3908.72 | Order: 3529266
[2025-11-23 15:51:36.743] TRADE EXECUTED | OBI_Exit | Sell | 0.034000 BTC @ $86860.72 = $2953.26 | Order: 3529275
[2025-11-23 15:51:50.248] TRADE EXECUTED | OBI | Buy | 0.034000 BTC @ $87055.62 = $2959.89 | Order: 3529309
[2025-11-23 15:51:50.363] [STATUS] Signals: 733 | P&L: $-34.73 | Win%: 0.0%
[2025-11-23 15:52:06.791] TRADE EXECUTED | OBI_Exit | Sell | 0.034000 BTC @ $86861.91 = $2953.30 | Order: 3529340
[2025-11-23 15:52:12.784] TRADE EXECUTED | MeanReversion_Exit | Buy | 0.045000 BTC @ $87099.72 = $3919.49 | Order: 3529347
[2025-11-23 15:52:20.551] TRADE EXECUTED | OBI | Buy | 0.034000 BTC @ $87055.49 = $2959.89 | Order: 3529371
[2025-11-23 15:52:37.084] TRADE EXECUTED | OBI_Exit | Sell | 0.034000 BTC @ $86863.03 = $2953.34 | Order: 3529430
[2025-11-23 15:52:44.188] TRADE EXECUTED | MeanReversion | Sell | 0.045000 BTC @ $86863.27 = $3908.85 | Order: 3529446
[2025-11-23 15:52:53.090] TRADE EXECUTED | OBI | Buy | 0.034000 BTC @ $87055.37 = $2959.88 | Order: 3529452
[2025-11-23 15:52:57.496] TRADE EXECUTED | MeanReversion_Exit | Buy | 0.045000 BTC @ $87055.35 = $3917.49 | Order: 3529477
[2025-11-23 15:53:06.346] [REGIME CHANGE] Ranging → HighVolatility
[2025-11-23 15:53:13.417] TRADE EXECUTED | OBI_Exit | Sell | 0.034000 BTC @ $86864.11 = $2953.38 | Order: 3529487
[2025-11-23 15:53:38.569] [REGIME CHANGE] HighVolatility → Ranging
[2025-11-23 15:53:38.728] TRADE EXECUTED | OBI | Buy | 0.034000 BTC @ $87055.31 = $2959.88 | Order: 3529534
[2025-11-23 15:53:48.633] TRADE EXECUTED | OBI_Exit | Sell | 0.034000 BTC @ $86865.33 = $2953.42 | Order: 3529594
[2025-11-23 15:53:52.473] TRADE EXECUTED | MeanReversion | Sell | 0.045000 BTC @ $86865.65 = $3908.95 | Order: 3529596
[2025-11-23 15:53:54.237] TRADE EXECUTED | MeanReversion_Exit | Sell | 0.046000 BTC @ $86865.79 = $3995.83 | Order: 3529598
[2025-11-23 15:54:12.974] TRADE EXECUTED | OBI | Buy | 0.034000 BTC @ $87056.12 = $2959.91 | Order: 3529651
[2025-11-23 15:54:47.180] TRADE EXECUTED | MeanReversion | Sell | 0.045000 BTC @ $86868.09 = $3909.06 | Order: 3529704
[2025-11-23 15:54:47.554] TRADE EXECUTED | OBI | Buy | 0.034000 BTC @ $87055.24 = $2959.88 | Order: 3529705
[2025-11-23 15:55:15.506] TRADE EXECUTED | OBI_Exit | Sell | 0.034000 BTC @ $86869.67 = $2953.57 | Order: 3529778
[2025-11-23 15:55:32.314] TRADE EXECUTED | MeanReversion | Sell | 0.045000 BTC @ $86870.53 = $3909.17 | Order: 3529807
[2025-11-23 15:55:32.716] TRADE EXECUTED | OBI | Buy | 0.034000 BTC @ $87056.12 = $2959.91 | Order: 3529808
[2025-11-23 15:55:52.029] TRADE EXECUTED | OBI_Exit | Sell | 0.034000 BTC @ $86871.86 = $2953.64 | Order: 3529836
[2025-11-23 15:56:10.084] [REGIME CHANGE] Ranging → HighVolatility
[2025-11-23 15:56:21.679] TRADE EXECUTED | OBI_Exit | Sell | 0.034000 BTC @ $86873.66 = $2953.70 | Order: 3529906
[2025-11-23 15:56:27.662] TRADE EXECUTED | MeanReversion_Exit | Buy | 0.045000 BTC @ $87244.90 = $3926.02 | Order: 3529908
[2025-11-23 15:56:32.803] [REGIME CHANGE] HighVolatility → Ranging
[2025-11-23 15:56:53.197] TRADE EXECUTED | OBI_Exit | Sell | 0.034000 BTC @ $86875.36 = $2953.76 | Order: 3529939
[2025-11-23 15:57:21.497] TRADE EXECUTED | OBI_Exit | Sell | 0.034000 BTC @ $86877.05 = $2953.82 | Order: 3529992
[2025-11-23 15:57:21.497] [REGIME CHANGE] Ranging → HighVolatility
[2025-11-23 15:57:27.342] [REGIME CHANGE] HighVolatility → Ranging
[2025-11-23 15:57:48.925] TRADE EXECUTED | MeanReversion_Exit | Buy | 0.045000 BTC @ $87165.54 = $3922.45 | Order: 3530074
[2025-11-23 15:57:54.057] TRADE EXECUTED | OBI_Exit | Sell | 0.034000 BTC @ $86885.71 = $2954.11 | Order: 3530076
[2025-11-23 15:57:58.729] TRADE EXECUTED | MeanReversion_Exit | Buy | 0.045000 BTC @ $87254.28 = $3926.44 | Order: 3530082
[2025-11-23 15:57:58.887] TRADE EXECUTED | MeanReversion_Exit | Buy | 0.045000 BTC @ $87254.28 = $3926.44 | Order: 3530083
[2025-11-23 15:57:59.050] TRADE EXECUTED | MeanReversion_Exit | Buy | 0.045000 BTC @ $87254.28 = $3926.44 | Order: 3530084
[2025-11-23 15:58:08.368] TRADE EXECUTED | MeanReversion | Sell | 0.045000 BTC @ $87096.72 = $3919.35 | Order: 3530140
[2025-11-23 15:58:11.243] TRADE EXECUTED | OBI | Sell | 0.034000 BTC @ $87096.75 = $2961.29 | Order: 3530144
[2025-11-23 15:58:39.968] TRADE EXECUTED | OBI_Exit | Sell | 0.034000 BTC @ $87096.74 = $2961.29 | Order: 3530260
[2025-11-23 15:58:44.273] TRADE EXECUTED | OBI | Buy | 0.034000 BTC @ $87198.03 = $2964.73 | Order: 3530265
[2025-11-23 15:59:13.283] TRADE EXECUTED | OBI_Exit | Sell | 0.034000 BTC @ $87065.67 = $2960.23 | Order: 3530356
[2025-11-23 15:59:13.901] TRADE EXECUTED | MeanReversion | Buy | 0.045000 BTC @ $87197.98 = $3923.91 | Order: 3530360
[2025-11-23 15:59:15.804] TRADE EXECUTED | OBI | Buy | 0.034000 BTC @ $87197.97 = $2964.73 | Order: 3530363
[2025-11-23 15:59:47.809] TRADE EXECUTED | OBI_Exit | Sell | 0.034000 BTC @ $86921.35 = $2955.33 | Order: 3530445
[2025-11-23 16:00:33.442] TRADE EXECUTED | OBI_Exit | Sell | 0.034000 BTC @ $86923.44 = $2955.40 | Order: 3530536
[2025-11-23 16:01:29.287] TRADE EXECUTED | MeanReversion | Sell | 0.045000 BTC @ $86926.56 = $3911.70 | Order: 3530640
[2025-11-23 16:01:40.379] TRADE EXECUTED | MeanReversion_Exit | Buy | 0.045000 BTC @ $87197.64 = $3923.89 | Order: 3530647
[2025-11-23 16:01:41.233] [REGIME CHANGE] Ranging → HighVolatility
[2025-11-23 16:02:16.262] [REGIME CHANGE] HighVolatility → Ranging
[2025-11-23 16:02:19.724] TRADE EXECUTED | MeanReversion | Sell | 0.045000 BTC @ $87117.79 = $3920.30 | Order: 3530727
[2025-11-23 16:02:41.141] TRADE EXECUTED | OBI | Buy | 0.034000 BTC @ $87197.60 = $2964.72 | Order: 3530762
[2025-11-23 16:03:05.666] TRADE EXECUTED | MeanReversion | Sell | 0.045000 BTC @ $87095.75 = $3919.31 | Order: 3530796
[2025-11-23 16:03:08.858] TRADE EXECUTED | MeanReversion_Exit | Buy | 0.045000 BTC @ $87197.58 = $3923.89 | Order: 3530798
[2025-11-23 16:03:12.104] TRADE EXECUTED | OBI_Exit | Buy | 0.034000 BTC @ $87199.58 = $2964.79 | Order: 3530804
[2025-11-23 16:03:47.101] TRADE EXECUTED | OBI_Exit | Sell | 0.034000 BTC @ $87105.20 = $2961.58 | Order: 3530863
[2025-11-23 16:03:47.265] TRADE EXECUTED | OBI | Buy | 0.034000 BTC @ $87258.95 = $2966.80 | Order: 3530864
[2025-11-23 16:04:00.603] TRADE EXECUTED | MeanReversion | Sell | 0.045000 BTC @ $87155.51 = $3922.00 | Order: 3530914
[2025-11-23 16:04:14.795] TRADE EXECUTED | MeanReversion_Exit | Sell | 0.045000 BTC @ $87155.72 = $3922.01 | Order: 3530945
[2025-11-23 16:04:16.116] TRADE EXECUTED | OBI_Exit | Sell | 0.034000 BTC @ $87155.83 = $2963.30 | Order: 3530948
[2025-11-23 16:04:19.923] TRADE EXECUTED | OBI | Buy | 0.034000 BTC @ $87233.97 = $2965.95 | Order: 3530949
[2025-11-23 16:04:41.269] [REGIME CHANGE] Ranging → HighVolatility
[2025-11-23 16:04:42.870] [REGIME CHANGE] HighVolatility → Ranging
[2025-11-23 16:04:52.140] TRADE EXECUTED | OBI | Buy | 0.034000 BTC @ $87305.74 = $2968.40 | Order: 3531064
[2025-11-23 16:05:22.667] TRADE EXECUTED | OBI | Buy | 0.034000 BTC @ $87312.38 = $2968.62 | Order: 3531151
[2025-11-23 16:05:35.452] TRADE EXECUTED | MeanReversion | Buy | 0.046000 BTC @ $87439.90 = $4022.24 | Order: 3531180
[2025-11-23 16:05:57.388] TRADE EXECUTED | OBI | Buy | 0.034000 BTC @ $87348.59 = $2969.85 | Order: 3531251
[2025-11-23 16:06:06.994] TRADE EXECUTED | MeanReversion_Exit | Buy | 0.045000 BTC @ $87357.18 = $3931.07 | Order: 3531304
[2025-11-23 16:06:26.909] TRADE EXECUTED | MeanReversion | Buy | 0.046000 BTC @ $87381.96 = $4019.57 | Order: 3531331
[2025-11-23 16:06:29.148] TRADE EXECUTED | OBI | Buy | 0.034000 BTC @ $87416.87 = $2972.17 | Order: 3531333
[2025-11-23 16:07:00.143] TRADE EXECUTED | OBI | Buy | 0.034000 BTC @ $87381.86 = $2970.98 | Order: 3531428
[2025-11-23 16:07:20.044] TRADE EXECUTED | MeanReversion_Exit | Buy | 0.045000 BTC @ $87381.82 = $3932.18 | Order: 3531464
[2025-11-23 16:07:21.149] TRADE EXECUTED | MeanReversion | Buy | 0.046000 BTC @ $87381.82 = $4019.56 | Order: 3531465
[2025-11-23 16:07:36.470] TRADE EXECUTED | OBI | Buy | 0.034000 BTC @ $87381.75 = $2970.98 | Order: 3531490
[2025-11-23 16:07:41.492] TRADE EXECUTED | OBI_Exit | Sell | 0.034000 BTC @ $87332.30 = $2969.30 | Order: 3531493
[2025-11-23 16:08:06.887] TRADE EXECUTED | OBI | Buy | 0.034000 BTC @ $87478.06 = $2974.25 | Order: 3531563
[2025-11-23 16:08:12.203] TRADE EXECUTED | MeanReversion | Sell | 0.045000 BTC @ $87155.63 = $3922.00 | Order: 3531569
[2025-11-23 16:08:29.506] TRADE EXECUTED | MeanReversion_Exit | Buy | 0.045000 BTC @ $87499.59 = $3937.48 | Order: 3531620
[2025-11-23 16:08:29.688] TRADE EXECUTED | MeanReversion_Exit | Buy | 0.045000 BTC @ $87499.59 = $3937.48 | Order: 3531621
[2025-11-23 16:08:48.418] TRADE EXECUTED | OBI_Exit | Sell | 0.034000 BTC @ $87348.92 = $2969.86 | Order: 3531661
[2025-11-23 16:09:02.942] TRADE EXECUTED | MeanReversion | Sell | 0.044000 BTC @ $87349.18 = $3843.36 | Order: 3531684
[2025-11-23 16:09:20.133] TRADE EXECUTED | OBI_Exit | Sell | 0.034000 BTC @ $86978.71 = $2957.28 | Order: 3531747
[2025-11-23 16:09:53.173] TRADE EXECUTED | OBI_Exit | Sell | 0.034000 BTC @ $87157.78 = $2963.36 | Order: 3531821
[2025-11-23 16:10:20.983] TRADE EXECUTED | MeanReversion | Buy | 0.045000 BTC @ $87495.85 = $3937.31 | Order: 3531917
[2025-11-23 16:10:22.861] TRADE EXECUTED | OBI_Exit | Sell | 0.034000 BTC @ $87159.25 = $2963.41 | Order: 3531918
[2025-11-23 16:10:29.830] [REGIME CHANGE] Ranging → HighVolatility
[2025-11-23 16:10:35.693] TRADE EXECUTED | MeanReversion_Exit | Sell | 0.046000 BTC @ $87159.62 = $4009.34 | Order: 3531926
[2025-11-23 16:10:36.134] [REGIME CHANGE] HighVolatility → Ranging
[2025-11-23 16:10:57.624] TRADE EXECUTED | OBI_Exit | Sell | 0.034000 BTC @ $87160.52 = $2963.46 | Order: 3532017
[2025-11-23 16:11:18.023] TRADE EXECUTED | MeanReversion | Buy | 0.045000 BTC @ $87446.45 = $3935.09 | Order: 3532096
[2025-11-23 16:11:27.894] TRADE EXECUTED | MeanReversion_Exit | Sell | 0.046000 BTC @ $87161.26 = $4009.42 | Order: 3532110
[2025-11-23 16:11:29.769] TRADE EXECUTED | OBI_Exit | Sell | 0.034000 BTC @ $87152.85 = $2963.20 | Order: 3532150
[2025-11-23 16:12:00.955] TRADE EXECUTED | OBI_Exit | Sell | 0.034000 BTC @ $87161.68 = $2963.50 | Order: 3532224
[2025-11-23 16:12:21.973] TRADE EXECUTED | MeanReversion_Exit | Sell | 0.046000 BTC @ $87162.01 = $4009.45 | Order: 3532298
[2025-11-23 16:12:34.589] TRADE EXECUTED | OBI | Buy | 0.034000 BTC @ $87199.99 = $2964.80 | Order: 3532314
[2025-11-23 16:12:36.783] TRADE EXECUTED | OBI_Exit | Sell | 0.034000 BTC @ $87118.19 = $2962.02 | Order: 3532340
[2025-11-23 16:12:36.943] TRADE EXECUTED | MeanReversion_Exit | Sell | 0.045000 BTC @ $87118.19 = $3920.32 | Order: 3532341
[2025-11-23 16:12:37.110] TRADE EXECUTED | MeanReversion_Exit | Sell | 0.045000 BTC @ $87118.19 = $3920.32 | Order: 3532342
[2025-11-23 16:12:37.531] TRADE EXECUTED | OBI_Exit | Sell | 0.034000 BTC @ $87118.19 = $2962.02 | Order: 3532344
[2025-11-23 16:12:37.531] [REGIME CHANGE] Ranging → HighVolatility
[2025-11-23 16:12:46.633] [REGIME CHANGE] HighVolatility → Ranging
[2025-11-23 16:12:48.504] TRADE EXECUTED | MeanReversion | Sell | 0.045000 BTC @ $87118.67 = $3920.34 | Order: 3532377
[2025-11-23 16:13:07.225] TRADE EXECUTED | OBI | Buy | 0.034000 BTC @ $87199.99 = $2964.80 | Order: 3532430
[2025-11-23 16:13:51.247] TRADE EXECUTED | OBI | Buy | 0.034000 BTC @ $87199.99 = $2964.80 | Order: 3532519
[2025-11-23 16:13:55.653] TRADE EXECUTED | MeanReversion | Buy | 0.045000 BTC @ $87199.99 = $3924.00 | Order: 3532527
[2025-11-23 16:14:03.759] TRADE EXECUTED | MeanReversion_Exit | Buy | 0.044000 BTC @ $87343.86 = $3843.13 | Order: 3532541
[2025-11-23 16:14:21.798] TRADE EXECUTED | OBI | Buy | 0.034000 BTC @ $87222.03 = $2965.55 | Order: 3532589
[2025-11-23 16:14:54.914] TRADE EXECUTED | OBI | Buy | 0.034000 BTC @ $87222.70 = $2965.57 | Order: 3532658
[2025-11-23 16:15:15.213] TRADE EXECUTED | MeanReversion | Buy | 0.045000 BTC @ $87343.34 = $3930.45 | Order: 3532724
[2025-11-23 16:15:22.954] [REGIME CHANGE] Ranging → HighVolatility
[2025-11-23 16:15:32.958] [REGIME CHANGE] HighVolatility → Ranging
[2025-11-23 16:15:33.120] TRADE EXECUTED | OBI | Buy | 0.034000 BTC @ $87315.91 = $2968.74 | Order: 3532789
[2025-11-23 16:16:03.143] TRADE EXECUTED | OBI | Buy | 0.034000 BTC @ $87315.10 = $2968.71 | Order: 3532812
[2025-11-23 16:16:21.575] TRADE EXECUTED | MeanReversion | Buy | 0.045000 BTC @ $87314.12 = $3929.14 | Order: 3532888
[2025-11-23 16:16:33.354] TRADE EXECUTED | OBI | Buy | 0.034000 BTC @ $87313.60 = $2968.66 | Order: 3532892
[2025-11-23 16:16:40.066] [REGIME CHANGE] Ranging → HighVolatility
[2025-11-23 16:16:43.011] [REGIME CHANGE] HighVolatility → Ranging
[2025-11-23 16:17:06.001] TRADE EXECUTED | OBI | Buy | 0.034000 BTC @ $87311.77 = $2968.60 | Order: 3532958
[2025-11-23 16:17:08.589] TRADE EXECUTED | MeanReversion | Buy | 0.045000 BTC @ $87311.60 = $3929.02 | Order: 3532960
[2025-11-23 16:17:34.906] TRADE EXECUTED | OBI_Exit | Sell | 0.034000 BTC @ $87125.14 = $2962.25 | Order: 3533031
[2025-11-23 16:17:43.273] TRADE EXECUTED | OBI | Buy | 0.034000 BTC @ $87310.50 = $2968.56 | Order: 3533033
[2025-11-23 16:17:49.446] TRADE EXECUTED | MeanReversion_Exit | Buy | 0.045000 BTC @ $87310.36 = $3928.97 | Order: 3533053
[2025-11-23 16:17:57.237] TRADE EXECUTED | MeanReversion | Sell | 0.045000 BTC @ $87125.64 = $3920.65 | Order: 3533054
[2025-11-23 16:18:08.041] TRADE EXECUTED | OBI_Exit | Sell | 0.034000 BTC @ $87125.91 = $2962.28 | Order: 3533077
[2025-11-23 16:18:13.245] TRADE EXECUTED | OBI | Buy | 0.034000 BTC @ $87309.73 = $2968.53 | Order: 3533081
[2025-11-23 16:18:43.283] TRADE EXECUTED | OBI | Buy | 0.034000 BTC @ $87308.99 = $2968.51 | Order: 3533123
[2025-11-23 16:18:51.666] TRADE EXECUTED | OBI_Exit | Sell | 0.034000 BTC @ $87126.88 = $2962.31 | Order: 3533127
[2025-11-23 16:18:55.932] TRADE EXECUTED | MeanReversion_Exit | Sell | 0.045000 BTC @ $87127.02 = $3920.72 | Order: 3533148
[2025-11-23 16:19:01.676] TRADE EXECUTED | MeanReversion | Buy | 0.045000 BTC @ $87308.27 = $3928.87 | Order: 3533151
[2025-11-23 16:19:15.399] TRADE EXECUTED | OBI | Buy | 0.034000 BTC @ $87307.50 = $2968.46 | Order: 3533210
[2025-11-23 16:19:22.901] TRADE EXECUTED | OBI_Exit | Sell | 0.034000 BTC @ $86955.71 = $2956.49 | Order: 3533225
[2025-11-23 16:19:28.377] [REGIME CHANGE] Ranging → HighVolatility
[2025-11-23 16:19:34.941] [REGIME CHANGE] HighVolatility → Ranging
[2025-11-23 16:19:55.218] TRADE EXECUTED | OBI_Exit | Sell | 0.034000 BTC @ $87045.20 = $2959.54 | Order: 3533366
[2025-11-23 16:20:15.458] TRADE EXECUTED | MeanReversion_Exit | Sell | 0.045000 BTC @ $87045.75 = $3917.06 | Order: 3533392
[2025-11-23 16:20:22.834] TRADE EXECUTED | MeanReversion | Buy | 0.045000 BTC @ $87303.53 = $3928.66 | Order: 3533439
[2025-11-23 16:20:33.343] TRADE EXECUTED | OBI_Exit | Sell | 0.034000 BTC @ $87010.76 = $2958.37 | Order: 3533461
[2025-11-23 16:20:51.682] [REGIME CHANGE] Ranging → HighVolatility
[2025-11-23 16:20:56.002] [REGIME CHANGE] HighVolatility → Ranging
[2025-11-23 16:21:03.572] TRADE EXECUTED | OBI_Exit | Sell | 0.034000 BTC @ $87018.68 = $2958.64 | Order: 3533521
[2025-11-23 16:21:21.881] TRADE EXECUTED | MeanReversion_Exit | Sell | 0.045000 BTC @ $86973.65 = $3913.81 | Order: 3533545
[2025-11-23 16:21:33.103] TRADE EXECUTED | MeanReversion | Buy | 0.045000 BTC @ $87299.35 = $3928.47 | Order: 3533600
[2025-11-23 16:21:33.792] TRADE EXECUTED | OBI_Exit | Sell | 0.034000 BTC @ $87019.32 = $2958.66 | Order: 3533601
[2025-11-23 16:22:06.232] TRADE EXECUTED | OBI_Exit | Sell | 0.034000 BTC @ $87019.76 = $2958.67 | Order: 3533671
[2025-11-23 16:22:08.821] TRADE EXECUTED | MeanReversion_Exit | Sell | 0.045000 BTC @ $87019.84 = $3915.89 | Order: 3533674
[2025-11-23 16:22:41.242] TRADE EXECUTED | MeanReversion | Buy | 0.046000 BTC @ $87295.29 = $4015.58 | Order: 3533738
[2025-11-23 16:22:44.441] TRADE EXECUTED | OBI_Exit | Sell | 0.034000 BTC @ $87020.72 = $2958.70 | Order: 3533739
[2025-11-23 16:22:57.451] TRADE EXECUTED | MeanReversion_Exit | Buy | 0.045000 BTC @ $87294.25 = $3928.24 | Order: 3533784
[2025-11-23 16:23:13.664] TRADE EXECUTED | OBI_Exit | Sell | 0.034000 BTC @ $87021.70 = $2958.74 | Order: 3533796
[2025-11-23 16:23:37.481] TRADE EXECUTED | MeanReversion | Buy | 0.045000 BTC @ $87291.99 = $3928.14 | Order: 3533857
[2025-11-23 16:23:43.498] TRADE EXECUTED | OBI_Exit | Sell | 0.034000 BTC @ $87022.15 = $2958.75 | Order: 3533863
[2025-11-23 16:24:02.008] TRADE EXECUTED | MeanReversion_Exit | Sell | 0.045000 BTC @ $87022.24 = $3916.00 | Order: 3533919
[2025-11-23 16:24:15.624] TRADE EXECUTED | OBI_Exit | Sell | 0.034000 BTC @ $86936.05 = $2955.83 | Order: 3533951
[2025-11-23 16:24:56.952] TRADE EXECUTED | MeanReversion | Buy | 0.045000 BTC @ $87281.03 = $3927.65 | Order: 3534053
[2025-11-23 16:25:23.371] TRADE EXECUTED | MeanReversion_Exit | Sell | 0.045000 BTC @ $86960.32 = $3913.21 | Order: 3534085
[2025-11-23 16:25:56.789] TRADE EXECUTED | MeanReversion | Buy | 0.045000 BTC @ $87257.37 = $3926.58 | Order: 3534135
[2025-11-23 16:26:33.322] TRADE EXECUTED | MeanReversion_Exit | Sell | 0.045000 BTC @ $86982.39 = $3914.21 | Order: 3534213
[2025-11-23 16:26:47.228] TRADE EXECUTED | MeanReversion | Sell | 0.045000 BTC @ $86982.86 = $3914.23 | Order: 3534258
[2025-11-23 16:27:31.100] TRADE EXECUTED | MeanReversion_Exit | Buy | 0.045000 BTC @ $87253.11 = $3926.39 | Order: 3534354
[2025-11-23 16:27:31.100] [REGIME CHANGE] Ranging → HighVolatility
[2025-11-23 16:27:35.962] [REGIME CHANGE] HighVolatility → Ranging
[2025-11-23 16:27:41.576] TRADE EXECUTED | MeanReversion_Exit | Sell | 0.046000 BTC @ $86984.63 = $4001.29 | Order: 3534359
[2025-11-23 16:27:45.882] TRADE EXECUTED | MeanReversion | Buy | 0.045000 BTC @ $87252.30 = $3926.35 | Order: 3534360
[2025-11-23 16:28:40.116] TRADE EXECUTED | MeanReversion_Exit | Sell | 0.045000 BTC @ $86986.79 = $3914.41 | Order: 3534533
[2025-11-23 16:28:44.816] TRADE EXECUTED | MeanReversion | Buy | 0.045000 BTC @ $87248.33 = $3926.17 | Order: 3534537
[2025-11-23 16:28:59.273] [REGIME CHANGE] Ranging → HighVolatility
[2025-11-23 16:29:03.074] [REGIME CHANGE] HighVolatility → Ranging
[2025-11-23 16:29:12.343] [REGIME CHANGE] Ranging → HighVolatility
[2025-11-23 16:29:18.482] [REGIME CHANGE] HighVolatility → Ranging
[2025-11-23 16:29:28.878] TRADE EXECUTED | MeanReversion_Exit | Sell | 0.045000 BTC @ $86988.28 = $3914.47 | Order: 3534607
[2025-11-23 16:29:29.043] TRADE EXECUTED | MeanReversion_Exit | Sell | 0.045000 BTC @ $86988.28 = $3914.47 | Order: 3534608
[2025-11-23 16:29:29.201] TRADE EXECUTED | MeanReversion_Exit | Sell | 0.045000 BTC @ $86988.28 = $3914.47 | Order: 3534609
[2025-11-23 16:30:06.983] TRADE EXECUTED | MeanReversion | Buy | 0.045000 BTC @ $87243.79 = $3925.97 | Order: 3534680
[2025-11-23 16:30:56.519] TRADE EXECUTED | MeanReversion | Buy | 0.045000 BTC @ $87240.60 = $3925.83 | Order: 3534784
[2025-11-23 16:31:21.175] [REGIME CHANGE] Ranging → HighVolatility
[2025-11-23 16:31:24.677] [REGIME CHANGE] HighVolatility → Ranging
[2025-11-23 16:32:03.237] TRADE EXECUTED | MeanReversion | Sell | 0.045000 BTC @ $86968.75 = $3913.59 | Order: 3534929
[2025-11-23 16:32:03.622] TRADE EXECUTED | MeanReversion_Exit | Buy | 0.045000 BTC @ $87236.05 = $3925.62 | Order: 3534931
[2025-11-23 16:33:27.696] TRADE EXECUTED | MeanReversion | Sell | 0.045000 BTC @ $86973.51 = $3913.81 | Order: 3535105
[2025-11-23 16:33:28.088] TRADE EXECUTED | MeanReversion_Exit | Buy | 0.045000 BTC @ $87322.74 = $3929.52 | Order: 3535106
[2025-11-23 16:33:45.245] TRADE EXECUTED | MeanReversion_Exit | Sell | 0.045000 BTC @ $86997.37 = $3914.88 | Order: 3535154
[2025-11-23 16:34:04.416] [REGIME CHANGE] Ranging → HighVolatility
[2025-11-23 16:34:11.208] [REGIME CHANGE] HighVolatility → Ranging
[2025-11-23 16:34:36.343] TRADE EXECUTED | OBI | Buy | 0.034000 BTC @ $87251.29 = $2966.54 | Order: 3535244
[2025-11-23 16:34:50.405] [REGIME CHANGE] Ranging → HighVolatility
[2025-11-23 16:35:07.205] TRADE EXECUTED | MeanReversion_Exit | Sell | 0.045000 BTC @ $87040.57 = $3916.83 | Order: 3535360
[2025-11-23 16:35:12.950] [REGIME CHANGE] HighVolatility → Ranging
[2025-11-23 16:35:47.877] Trading session complete.
[2025-11-23 16:35:47.878] ═══════════════════════════════════════════════
[2025-11-23 16:35:47.878] Log session ended
[2025-11-23 16:35:47.878] ═══════════════════════════════════════════════
