[2025-11-23 13:46:09.091] ----------------------------------------------
[2025-11-23 13:46:09.093] Log session started: 20251123_134609
[2025-11-23 13:46:09.093] Log file: logs\trading_20251123_134609.log
[2025-11-23 13:46:09.093] Trade file: logs\trades_20251123_134609.csv
[2025-11-23 13:46:09.093] -----------------------------------------------
[2025-11-23 13:46:09.094] ═══ NYC Alpha Trader Started ═══
[2025-11-23 13:46:09.094] Market Regime Detector initialized
[2025-11-23 13:46:09.101] System initialized successfully

[2025-11-23 13:46:15.661] TRADE EXECUTED | OBI | Buy | 0.034000 BTC @ $86773.84 = $2950.31 | Order: 3512050
[2025-11-23 13:46:48.496] TRADE EXECUTED | OBI | Buy | 0.034000 BTC @ $86774.29 = $2950.33 | Order: 3512120
[2025-11-23 13:47:20.124] TRADE EXECUTED | OBI | Buy | 0.034000 BTC @ $86773.71 = $2950.31 | Order: 3512171
[2025-11-23 13:47:48.940] TRADE EXECUTED | MeanReversion | Buy | 0.046000 BTC @ $86880.67 = $3996.51 | Order: 3512252
[2025-11-23 13:47:53.949] TRADE EXECUTED | OBI | Buy | 0.034000 BTC @ $86787.98 = $2950.79 | Order: 3512256
[2025-11-23 13:48:24.268] TRADE EXECUTED | OBI | Buy | 0.034000 BTC @ $86820.20 = $2951.89 | Order: 3512367
[2025-11-23 13:48:34.215] [REGIME CHANGE] Ranging → HighVolatility
[2025-11-23 13:48:43.121] [REGIME CHANGE] HighVolatility → Ranging
[2025-11-23 13:48:43.288] TRADE EXECUTED | MeanReversion | Sell | 0.046000 BTC @ $86755.84 = $3990.77 | Order: 3512430
[2025-11-23 13:48:56.106] TRADE EXECUTED | OBI | Buy | 0.034000 BTC @ $86837.72 = $2952.48 | Order: 3512479
[2025-11-23 13:49:33.823] TRADE EXECUTED | OBI | Buy | 0.034000 BTC @ $86945.64 = $2956.15 | Order: 3512549
[2025-11-23 13:49:50.840] TRADE EXECUTED | MeanReversion | Sell | 0.046000 BTC @ $86756.91 = $3990.82 | Order: 3512596
[2025-11-23 13:50:05.641] TRADE EXECUTED | OBI | Buy | 0.034000 BTC @ $86860.75 = $2953.27 | Order: 3512657
[2025-11-23 13:50:21.608] [REGIME CHANGE] Ranging → HighVolatility
[2025-11-23 13:50:24.697] [REGIME CHANGE] HighVolatility → Ranging
[2025-11-23 13:50:35.764] TRADE EXECUTED | OBI | Buy | 0.034000 BTC @ $86924.94 = $2955.45 | Order: 3512758
[2025-11-23 13:51:08.004] TRADE EXECUTED | OBI | Buy | 0.034000 BTC @ $87015.98 = $2958.54 | Order: 3512800
[2025-11-23 13:51:38.888] TRADE EXECUTED | OBI | Buy | 0.034000 BTC @ $86884.15 = $2954.06 | Order: 3512857
[2025-11-23 13:52:09.039] TRADE EXECUTED | OBI | Buy | 0.034000 BTC @ $86913.80 = $2955.07 | Order: 3512914
[2025-11-23 13:52:54.084] TRADE EXECUTED | MeanReversion | Buy | 0.046000 BTC @ $86899.99 = $3997.40 | Order: 3513074
[2025-11-23 13:54:34.186] [REGIME CHANGE] Ranging → HighVolatility
[2025-11-23 13:54:42.691] [REGIME CHANGE] HighVolatility → Ranging
[2025-11-23 13:55:30.770] TRADE EXECUTED | MeanReversion | Sell | 0.046000 BTC @ $86660.01 = $3986.36 | Order: 3513472
[2025-11-23 13:56:19.728] TRADE EXECUTED | MeanReversion | Sell | 0.046000 BTC @ $86662.65 = $3986.48 | Order: 3513552
[2025-11-23 13:56:47.843] [REGIME CHANGE] Ranging → HighVolatility
[2025-11-23 13:56:57.890] [REGIME CHANGE] HighVolatility → Ranging
[2025-11-23 13:57:04.866] TRADE EXECUTED | MeanReversion | Sell | 0.046000 BTC @ $86665.59 = $3986.62 | Order: 3513666
[2025-11-23 13:57:35.282] TRADE EXECUTED | OBI | Buy | 0.034000 BTC @ $86884.14 = $2954.06 | Order: 3513725
[2025-11-23 13:57:58.529] TRADE EXECUTED | MeanReversion | Sell | 0.046000 BTC @ $86668.93 = $3986.77 | Order: 3513756
[2025-11-23 13:58:08.829] TRADE EXECUTED | OBI | Buy | 0.034000 BTC @ $86913.80 = $2955.07 | Order: 3513780
[2025-11-23 13:58:42.032] TRADE EXECUTED | OBI | Buy | 0.034000 BTC @ $87014.98 = $2958.51 | Order: 3513845
[2025-11-23 13:58:43.582] TRADE EXECUTED | MeanReversion | Sell | 0.046000 BTC @ $86804.86 = $3993.02 | Order: 3513847
